## SLURM PROLOG ###############################################################
##    Job ID : 7690950
##  Job Name : dask-worker
##  Nodelist : node1328
##      CPUs : 1
##  Mem/Node : 8192 MB
## Directory : /gpfs/home/ashanmu1/seniorthesis/src/01_build
##   Job Started : Sat Jan 28 19:18:17 EST 2023
###############################################################################
2023-01-28 19:18:18,066 - distributed.nanny - INFO -         Start Nanny at: 'tcp://172.20.209.28:43060'
2023-01-28 19:18:18,070 - distributed.nanny - INFO -         Start Nanny at: 'tcp://172.20.209.28:45866'
2023-01-28 19:18:18,072 - distributed.nanny - INFO -         Start Nanny at: 'tcp://172.20.209.28:42904'
2023-01-28 19:18:18,073 - distributed.nanny - INFO -         Start Nanny at: 'tcp://172.20.209.28:35834'
2023-01-28 19:18:19,191 - distributed.worker - INFO -       Start worker at:  tcp://172.20.209.28:40790
2023-01-28 19:18:19,191 - distributed.worker - INFO -       Start worker at:  tcp://172.20.209.28:33418
2023-01-28 19:18:19,191 - distributed.worker - INFO -       Start worker at:  tcp://172.20.209.28:37821
2023-01-28 19:18:19,191 - distributed.worker - INFO -       Start worker at:  tcp://172.20.209.28:40846
2023-01-28 19:18:19,192 - distributed.worker - INFO -          Listening to:  tcp://172.20.209.28:40790
2023-01-28 19:18:19,192 - distributed.worker - INFO -          Listening to:  tcp://172.20.209.28:33418
2023-01-28 19:18:19,192 - distributed.worker - INFO -          Listening to:  tcp://172.20.209.28:37821
2023-01-28 19:18:19,192 - distributed.worker - INFO -           Worker name:           SLURMCluster-3-1
2023-01-28 19:18:19,192 - distributed.worker - INFO -           Worker name:           SLURMCluster-3-2
2023-01-28 19:18:19,192 - distributed.worker - INFO -          Listening to:  tcp://172.20.209.28:40846
2023-01-28 19:18:19,192 - distributed.worker - INFO -           Worker name:           SLURMCluster-3-0
2023-01-28 19:18:19,192 - distributed.worker - INFO -          dashboard at:        172.20.209.28:45811
2023-01-28 19:18:19,192 - distributed.worker - INFO -          dashboard at:        172.20.209.28:46761
2023-01-28 19:18:19,192 - distributed.worker - INFO -           Worker name:           SLURMCluster-3-3
2023-01-28 19:18:19,192 - distributed.worker - INFO -          dashboard at:        172.20.209.28:40116
2023-01-28 19:18:19,192 - distributed.worker - INFO - Waiting to connect to:   tcp://172.20.207.1:40397
2023-01-28 19:18:19,192 - distributed.worker - INFO - Waiting to connect to:   tcp://172.20.207.1:40397
2023-01-28 19:18:19,192 - distributed.worker - INFO - Waiting to connect to:   tcp://172.20.207.1:40397
2023-01-28 19:18:19,192 - distributed.worker - INFO -          dashboard at:        172.20.209.28:33629
2023-01-28 19:18:19,192 - distributed.worker - INFO - -------------------------------------------------
2023-01-28 19:18:19,192 - distributed.worker - INFO - -------------------------------------------------
2023-01-28 19:18:19,192 - distributed.worker - INFO - -------------------------------------------------
2023-01-28 19:18:19,192 - distributed.worker - INFO - Waiting to connect to:   tcp://172.20.207.1:40397
2023-01-28 19:18:19,192 - distributed.worker - INFO - -------------------------------------------------
2023-01-28 19:18:19,192 - distributed.worker - INFO -               Threads:                          1
2023-01-28 19:18:19,192 - distributed.worker - INFO -               Threads:                          1
2023-01-28 19:18:19,192 - distributed.worker - INFO -               Threads:                          1
2023-01-28 19:18:19,192 - distributed.worker - INFO -                Memory:                   1.86 GiB
2023-01-28 19:18:19,192 - distributed.worker - INFO -                Memory:                   1.86 GiB
2023-01-28 19:18:19,192 - distributed.worker - INFO -                Memory:                   1.86 GiB
2023-01-28 19:18:19,192 - distributed.worker - INFO -               Threads:                          1
2023-01-28 19:18:19,192 - distributed.worker - INFO -       Local Directory: /tmp/dask-worker-space/worker-5b5rxljr
2023-01-28 19:18:19,192 - distributed.worker - INFO -       Local Directory: /tmp/dask-worker-space/worker-47uxhkwe
2023-01-28 19:18:19,192 - distributed.worker - INFO -       Local Directory: /tmp/dask-worker-space/worker-_ixph1jo
2023-01-28 19:18:19,193 - distributed.worker - INFO -                Memory:                   1.86 GiB
2023-01-28 19:18:19,193 - distributed.worker - INFO - -------------------------------------------------
2023-01-28 19:18:19,193 - distributed.worker - INFO -       Local Directory: /tmp/dask-worker-space/worker-7_m4o17w
2023-01-28 19:18:19,193 - distributed.worker - INFO - -------------------------------------------------
2023-01-28 19:18:19,193 - distributed.worker - INFO - -------------------------------------------------
2023-01-28 19:18:19,193 - distributed.worker - INFO - -------------------------------------------------
2023-01-28 19:18:19,201 - distributed.worker - INFO -         Registered to:   tcp://172.20.207.1:40397
2023-01-28 19:18:19,201 - distributed.worker - INFO - -------------------------------------------------
2023-01-28 19:18:19,201 - distributed.core - INFO - Starting established connection to tcp://172.20.207.1:40397
2023-01-28 19:18:19,202 - distributed.worker - INFO -         Registered to:   tcp://172.20.207.1:40397
2023-01-28 19:18:19,202 - distributed.worker - INFO - -------------------------------------------------
2023-01-28 19:18:19,202 - distributed.core - INFO - Starting established connection to tcp://172.20.207.1:40397
2023-01-28 19:18:19,203 - distributed.worker - INFO -         Registered to:   tcp://172.20.207.1:40397
2023-01-28 19:18:19,203 - distributed.worker - INFO - -------------------------------------------------
2023-01-28 19:18:19,203 - distributed.core - INFO - Starting established connection to tcp://172.20.207.1:40397
2023-01-28 19:18:19,204 - distributed.worker - INFO -         Registered to:   tcp://172.20.207.1:40397
2023-01-28 19:18:19,204 - distributed.worker - INFO - -------------------------------------------------
2023-01-28 19:18:19,204 - distributed.core - INFO - Starting established connection to tcp://172.20.207.1:40397
/gpfs/home/ashanmu1/seniorthesis/venv/lib/python3.10/site-packages/geopandas/_compat.py:123: UserWarning: The Shapely GEOS version (3.11.1-CAPI-1.17.1) is incompatible with the GEOS version PyGEOS was compiled with (3.10.4-CAPI-1.16.2). Conversions between both will be slow.
  warnings.warn(
/gpfs/home/ashanmu1/seniorthesis/venv/lib/python3.10/site-packages/dask_geopandas/backends.py:13: UserWarning: Shapely 2.0 is installed, but because PyGEOS is also installed, GeoPandas will still use PyGEOS by default for now. To force to use and test Shapely 2.0, you have to set the environment variable USE_PYGEOS=0. You can do this before starting the Python process, or in your code before importing geopandas:

import os
os.environ['USE_PYGEOS'] = '0'
import geopandas

In a future release, GeoPandas will switch to using Shapely by default. If you are using PyGEOS directly (calling PyGEOS functions on geometries from GeoPandas), this will then stop working and you are encouraged to migrate from PyGEOS to Shapely 2.0 (https://shapely.readthedocs.io/en/latest/migration_pygeos.html).
  import geopandas
/gpfs/home/ashanmu1/seniorthesis/venv/lib/python3.10/site-packages/geopandas/_compat.py:123: UserWarning: The Shapely GEOS version (3.11.1-CAPI-1.17.1) is incompatible with the GEOS version PyGEOS was compiled with (3.10.4-CAPI-1.16.2). Conversions between both will be slow.
  warnings.warn(
/gpfs/home/ashanmu1/seniorthesis/venv/lib/python3.10/site-packages/dask_geopandas/backends.py:13: UserWarning: Shapely 2.0 is installed, but because PyGEOS is also installed, GeoPandas will still use PyGEOS by default for now. To force to use and test Shapely 2.0, you have to set the environment variable USE_PYGEOS=0. You can do this before starting the Python process, or in your code before importing geopandas:

import os
os.environ['USE_PYGEOS'] = '0'
import geopandas

In a future release, GeoPandas will switch to using Shapely by default. If you are using PyGEOS directly (calling PyGEOS functions on geometries from GeoPandas), this will then stop working and you are encouraged to migrate from PyGEOS to Shapely 2.0 (https://shapely.readthedocs.io/en/latest/migration_pygeos.html).
  import geopandas
/gpfs/home/ashanmu1/seniorthesis/venv/lib/python3.10/site-packages/geopandas/_compat.py:123: UserWarning: The Shapely GEOS version (3.11.1-CAPI-1.17.1) is incompatible with the GEOS version PyGEOS was compiled with (3.10.4-CAPI-1.16.2). Conversions between both will be slow.
  warnings.warn(
/gpfs/home/ashanmu1/seniorthesis/venv/lib/python3.10/site-packages/dask_geopandas/backends.py:13: UserWarning: Shapely 2.0 is installed, but because PyGEOS is also installed, GeoPandas will still use PyGEOS by default for now. To force to use and test Shapely 2.0, you have to set the environment variable USE_PYGEOS=0. You can do this before starting the Python process, or in your code before importing geopandas:

import os
os.environ['USE_PYGEOS'] = '0'
import geopandas

In a future release, GeoPandas will switch to using Shapely by default. If you are using PyGEOS directly (calling PyGEOS functions on geometries from GeoPandas), this will then stop working and you are encouraged to migrate from PyGEOS to Shapely 2.0 (https://shapely.readthedocs.io/en/latest/migration_pygeos.html).
  import geopandas
/gpfs/home/ashanmu1/seniorthesis/venv/lib/python3.10/site-packages/geopandas/_compat.py:123: UserWarning: The Shapely GEOS version (3.11.1-CAPI-1.17.1) is incompatible with the GEOS version PyGEOS was compiled with (3.10.4-CAPI-1.16.2). Conversions between both will be slow.
  warnings.warn(
/gpfs/home/ashanmu1/seniorthesis/venv/lib/python3.10/site-packages/dask_geopandas/backends.py:13: UserWarning: Shapely 2.0 is installed, but because PyGEOS is also installed, GeoPandas will still use PyGEOS by default for now. To force to use and test Shapely 2.0, you have to set the environment variable USE_PYGEOS=0. You can do this before starting the Python process, or in your code before importing geopandas:

import os
os.environ['USE_PYGEOS'] = '0'
import geopandas

In a future release, GeoPandas will switch to using Shapely by default. If you are using PyGEOS directly (calling PyGEOS functions on geometries from GeoPandas), this will then stop working and you are encouraged to migrate from PyGEOS to Shapely 2.0 (https://shapely.readthedocs.io/en/latest/migration_pygeos.html).
  import geopandas
Warning 1: organizePolygons() received an unexpected geometry.  Either a polygon with interior rings, or a polygon with less than 4 points, or a non-Polygon geometry.  Return arguments as a collection.
Warning 1: organizePolygons() received an unexpected geometry.  Either a polygon with interior rings, or a polygon with less than 4 points, or a non-Polygon geometry.  Return arguments as a collection.
2023-01-28 19:41:47,036 - distributed.worker.memory - WARNING - Unmanaged memory use is high. This may indicate a memory leak or the memory may not be released to the OS; see https://distributed.dask.org/en/latest/worker-memory.html#memory-not-released-back-to-the-os for more information. -- Unmanaged memory: 1.31 GiB -- Worker memory limit: 1.86 GiB
2023-01-28 19:41:47,106 - distributed.worker.memory - WARNING - Unmanaged memory use is high. This may indicate a memory leak or the memory may not be released to the OS; see https://distributed.dask.org/en/latest/worker-memory.html#memory-not-released-back-to-the-os for more information. -- Unmanaged memory: 1.32 GiB -- Worker memory limit: 1.86 GiB
2023-01-28 19:41:47,206 - distributed.worker.memory - WARNING - Unmanaged memory use is high. This may indicate a memory leak or the memory may not be released to the OS; see https://distributed.dask.org/en/latest/worker-memory.html#memory-not-released-back-to-the-os for more information. -- Unmanaged memory: 1.32 GiB -- Worker memory limit: 1.86 GiB
2023-01-28 19:41:47,318 - distributed.worker.memory - WARNING - Unmanaged memory use is high. This may indicate a memory leak or the memory may not be released to the OS; see https://distributed.dask.org/en/latest/worker-memory.html#memory-not-released-back-to-the-os for more information. -- Unmanaged memory: 1.32 GiB -- Worker memory limit: 1.86 GiB
2023-01-28 19:41:47,416 - distributed.worker.memory - WARNING - Unmanaged memory use is high. This may indicate a memory leak or the memory may not be released to the OS; see https://distributed.dask.org/en/latest/worker-memory.html#memory-not-released-back-to-the-os for more information. -- Unmanaged memory: 1.32 GiB -- Worker memory limit: 1.86 GiB
2023-01-28 19:41:47,508 - distributed.worker.memory - WARNING - Unmanaged memory use is high. This may indicate a memory leak or the memory may not be released to the OS; see https://distributed.dask.org/en/latest/worker-memory.html#memory-not-released-back-to-the-os for more information. -- Unmanaged memory: 1.33 GiB -- Worker memory limit: 1.86 GiB
2023-01-28 19:41:47,610 - distributed.worker.memory - WARNING - Unmanaged memory use is high. This may indicate a memory leak or the memory may not be released to the OS; see https://distributed.dask.org/en/latest/worker-memory.html#memory-not-released-back-to-the-os for more information. -- Unmanaged memory: 1.33 GiB -- Worker memory limit: 1.86 GiB
2023-01-28 19:41:47,717 - distributed.worker.memory - WARNING - Unmanaged memory use is high. This may indicate a memory leak or the memory may not be released to the OS; see https://distributed.dask.org/en/latest/worker-memory.html#memory-not-released-back-to-the-os for more information. -- Unmanaged memory: 1.33 GiB -- Worker memory limit: 1.86 GiB
2023-01-28 19:41:47,815 - distributed.worker.memory - WARNING - Unmanaged memory use is high. This may indicate a memory leak or the memory may not be released to the OS; see https://distributed.dask.org/en/latest/worker-memory.html#memory-not-released-back-to-the-os for more information. -- Unmanaged memory: 1.33 GiB -- Worker memory limit: 1.86 GiB
2023-01-28 19:41:47,913 - distributed.worker.memory - WARNING - Unmanaged memory use is high. This may indicate a memory leak or the memory may not be released to the OS; see https://distributed.dask.org/en/latest/worker-memory.html#memory-not-released-back-to-the-os for more information. -- Unmanaged memory: 1.34 GiB -- Worker memory limit: 1.86 GiB
2023-01-28 19:41:48,018 - distributed.worker.memory - WARNING - Unmanaged memory use is high. This may indicate a memory leak or the memory may not be released to the OS; see https://distributed.dask.org/en/latest/worker-memory.html#memory-not-released-back-to-the-os for more information. -- Unmanaged memory: 1.34 GiB -- Worker memory limit: 1.86 GiB
2023-01-28 19:41:48,106 - distributed.worker.memory - WARNING - Unmanaged memory use is high. This may indicate a memory leak or the memory may not be released to the OS; see https://distributed.dask.org/en/latest/worker-memory.html#memory-not-released-back-to-the-os for more information. -- Unmanaged memory: 1.34 GiB -- Worker memory limit: 1.86 GiB
2023-01-28 19:41:48,206 - distributed.worker.memory - WARNING - Unmanaged memory use is high. This may indicate a memory leak or the memory may not be released to the OS; see https://distributed.dask.org/en/latest/worker-memory.html#memory-not-released-back-to-the-os for more information. -- Unmanaged memory: 1.34 GiB -- Worker memory limit: 1.86 GiB
2023-01-28 19:41:48,307 - distributed.worker.memory - WARNING - Unmanaged memory use is high. This may indicate a memory leak or the memory may not be released to the OS; see https://distributed.dask.org/en/latest/worker-memory.html#memory-not-released-back-to-the-os for more information. -- Unmanaged memory: 1.34 GiB -- Worker memory limit: 1.86 GiB
2023-01-28 19:41:48,409 - distributed.worker.memory - WARNING - Unmanaged memory use is high. This may indicate a memory leak or the memory may not be released to the OS; see https://distributed.dask.org/en/latest/worker-memory.html#memory-not-released-back-to-the-os for more information. -- Unmanaged memory: 1.35 GiB -- Worker memory limit: 1.86 GiB
2023-01-28 19:41:48,506 - distributed.worker.memory - WARNING - Unmanaged memory use is high. This may indicate a memory leak or the memory may not be released to the OS; see https://distributed.dask.org/en/latest/worker-memory.html#memory-not-released-back-to-the-os for more information. -- Unmanaged memory: 1.35 GiB -- Worker memory limit: 1.86 GiB
2023-01-28 19:41:48,618 - distributed.worker.memory - WARNING - Unmanaged memory use is high. This may indicate a memory leak or the memory may not be released to the OS; see https://distributed.dask.org/en/latest/worker-memory.html#memory-not-released-back-to-the-os for more information. -- Unmanaged memory: 1.35 GiB -- Worker memory limit: 1.86 GiB
2023-01-28 19:41:48,704 - distributed.worker.memory - WARNING - Unmanaged memory use is high. This may indicate a memory leak or the memory may not be released to the OS; see https://distributed.dask.org/en/latest/worker-memory.html#memory-not-released-back-to-the-os for more information. -- Unmanaged memory: 1.35 GiB -- Worker memory limit: 1.86 GiB
2023-01-28 19:41:48,811 - distributed.worker.memory - WARNING - Unmanaged memory use is high. This may indicate a memory leak or the memory may not be released to the OS; see https://distributed.dask.org/en/latest/worker-memory.html#memory-not-released-back-to-the-os for more information. -- Unmanaged memory: 1.35 GiB -- Worker memory limit: 1.86 GiB
2023-01-28 19:41:48,909 - distributed.worker.memory - WARNING - Unmanaged memory use is high. This may indicate a memory leak or the memory may not be released to the OS; see https://distributed.dask.org/en/latest/worker-memory.html#memory-not-released-back-to-the-os for more information. -- Unmanaged memory: 1.36 GiB -- Worker memory limit: 1.86 GiB
2023-01-28 19:41:49,009 - distributed.worker.memory - WARNING - Unmanaged memory use is high. This may indicate a memory leak or the memory may not be released to the OS; see https://distributed.dask.org/en/latest/worker-memory.html#memory-not-released-back-to-the-os for more information. -- Unmanaged memory: 1.36 GiB -- Worker memory limit: 1.86 GiB
2023-01-28 19:41:49,106 - distributed.worker.memory - WARNING - Unmanaged memory use is high. This may indicate a memory leak or the memory may not be released to the OS; see https://distributed.dask.org/en/latest/worker-memory.html#memory-not-released-back-to-the-os for more information. -- Unmanaged memory: 1.36 GiB -- Worker memory limit: 1.86 GiB
2023-01-28 19:41:49,208 - distributed.worker.memory - WARNING - Unmanaged memory use is high. This may indicate a memory leak or the memory may not be released to the OS; see https://distributed.dask.org/en/latest/worker-memory.html#memory-not-released-back-to-the-os for more information. -- Unmanaged memory: 1.36 GiB -- Worker memory limit: 1.86 GiB
2023-01-28 19:41:49,306 - distributed.worker.memory - WARNING - Unmanaged memory use is high. This may indicate a memory leak or the memory may not be released to the OS; see https://distributed.dask.org/en/latest/worker-memory.html#memory-not-released-back-to-the-os for more information. -- Unmanaged memory: 1.36 GiB -- Worker memory limit: 1.86 GiB
2023-01-28 19:41:49,405 - distributed.worker.memory - WARNING - Unmanaged memory use is high. This may indicate a memory leak or the memory may not be released to the OS; see https://distributed.dask.org/en/latest/worker-memory.html#memory-not-released-back-to-the-os for more information. -- Unmanaged memory: 1.37 GiB -- Worker memory limit: 1.86 GiB
2023-01-28 19:41:49,505 - distributed.worker.memory - WARNING - Unmanaged memory use is high. This may indicate a memory leak or the memory may not be released to the OS; see https://distributed.dask.org/en/latest/worker-memory.html#memory-not-released-back-to-the-os for more information. -- Unmanaged memory: 1.37 GiB -- Worker memory limit: 1.86 GiB
2023-01-28 19:41:49,605 - distributed.worker.memory - WARNING - Unmanaged memory use is high. This may indicate a memory leak or the memory may not be released to the OS; see https://distributed.dask.org/en/latest/worker-memory.html#memory-not-released-back-to-the-os for more information. -- Unmanaged memory: 1.37 GiB -- Worker memory limit: 1.86 GiB
2023-01-28 19:41:49,705 - distributed.worker.memory - WARNING - Unmanaged memory use is high. This may indicate a memory leak or the memory may not be released to the OS; see https://distributed.dask.org/en/latest/worker-memory.html#memory-not-released-back-to-the-os for more information. -- Unmanaged memory: 1.37 GiB -- Worker memory limit: 1.86 GiB
2023-01-28 19:41:49,818 - distributed.worker.memory - WARNING - Unmanaged memory use is high. This may indicate a memory leak or the memory may not be released to the OS; see https://distributed.dask.org/en/latest/worker-memory.html#memory-not-released-back-to-the-os for more information. -- Unmanaged memory: 1.37 GiB -- Worker memory limit: 1.86 GiB
2023-01-28 19:41:49,909 - distributed.worker.memory - WARNING - Unmanaged memory use is high. This may indicate a memory leak or the memory may not be released to the OS; see https://distributed.dask.org/en/latest/worker-memory.html#memory-not-released-back-to-the-os for more information. -- Unmanaged memory: 1.38 GiB -- Worker memory limit: 1.86 GiB
2023-01-28 19:41:50,010 - distributed.worker.memory - WARNING - Unmanaged memory use is high. This may indicate a memory leak or the memory may not be released to the OS; see https://distributed.dask.org/en/latest/worker-memory.html#memory-not-released-back-to-the-os for more information. -- Unmanaged memory: 1.38 GiB -- Worker memory limit: 1.86 GiB
2023-01-28 19:41:50,112 - distributed.worker.memory - WARNING - Unmanaged memory use is high. This may indicate a memory leak or the memory may not be released to the OS; see https://distributed.dask.org/en/latest/worker-memory.html#memory-not-released-back-to-the-os for more information. -- Unmanaged memory: 1.38 GiB -- Worker memory limit: 1.86 GiB
2023-01-28 19:41:50,206 - distributed.worker.memory - WARNING - Unmanaged memory use is high. This may indicate a memory leak or the memory may not be released to the OS; see https://distributed.dask.org/en/latest/worker-memory.html#memory-not-released-back-to-the-os for more information. -- Unmanaged memory: 1.38 GiB -- Worker memory limit: 1.86 GiB
2023-01-28 19:41:50,311 - distributed.worker.memory - WARNING - Unmanaged memory use is high. This may indicate a memory leak or the memory may not be released to the OS; see https://distributed.dask.org/en/latest/worker-memory.html#memory-not-released-back-to-the-os for more information. -- Unmanaged memory: 1.39 GiB -- Worker memory limit: 1.86 GiB
2023-01-28 19:41:50,407 - distributed.worker.memory - WARNING - Unmanaged memory use is high. This may indicate a memory leak or the memory may not be released to the OS; see https://distributed.dask.org/en/latest/worker-memory.html#memory-not-released-back-to-the-os for more information. -- Unmanaged memory: 1.39 GiB -- Worker memory limit: 1.86 GiB
2023-01-28 19:41:50,505 - distributed.worker.memory - WARNING - Unmanaged memory use is high. This may indicate a memory leak or the memory may not be released to the OS; see https://distributed.dask.org/en/latest/worker-memory.html#memory-not-released-back-to-the-os for more information. -- Unmanaged memory: 1.39 GiB -- Worker memory limit: 1.86 GiB
2023-01-28 19:41:50,606 - distributed.worker.memory - WARNING - Unmanaged memory use is high. This may indicate a memory leak or the memory may not be released to the OS; see https://distributed.dask.org/en/latest/worker-memory.html#memory-not-released-back-to-the-os for more information. -- Unmanaged memory: 1.39 GiB -- Worker memory limit: 1.86 GiB
2023-01-28 19:41:50,705 - distributed.worker.memory - WARNING - Unmanaged memory use is high. This may indicate a memory leak or the memory may not be released to the OS; see https://distributed.dask.org/en/latest/worker-memory.html#memory-not-released-back-to-the-os for more information. -- Unmanaged memory: 1.39 GiB -- Worker memory limit: 1.86 GiB
2023-01-28 19:41:50,804 - distributed.worker.memory - WARNING - Unmanaged memory use is high. This may indicate a memory leak or the memory may not be released to the OS; see https://distributed.dask.org/en/latest/worker-memory.html#memory-not-released-back-to-the-os for more information. -- Unmanaged memory: 1.40 GiB -- Worker memory limit: 1.86 GiB
2023-01-28 19:41:50,914 - distributed.worker.memory - WARNING - Unmanaged memory use is high. This may indicate a memory leak or the memory may not be released to the OS; see https://distributed.dask.org/en/latest/worker-memory.html#memory-not-released-back-to-the-os for more information. -- Unmanaged memory: 1.40 GiB -- Worker memory limit: 1.86 GiB
2023-01-28 19:41:51,009 - distributed.worker.memory - WARNING - Unmanaged memory use is high. This may indicate a memory leak or the memory may not be released to the OS; see https://distributed.dask.org/en/latest/worker-memory.html#memory-not-released-back-to-the-os for more information. -- Unmanaged memory: 1.40 GiB -- Worker memory limit: 1.86 GiB
2023-01-28 19:41:51,112 - distributed.worker.memory - WARNING - Unmanaged memory use is high. This may indicate a memory leak or the memory may not be released to the OS; see https://distributed.dask.org/en/latest/worker-memory.html#memory-not-released-back-to-the-os for more information. -- Unmanaged memory: 1.40 GiB -- Worker memory limit: 1.86 GiB
2023-01-28 19:41:51,209 - distributed.worker.memory - WARNING - Unmanaged memory use is high. This may indicate a memory leak or the memory may not be released to the OS; see https://distributed.dask.org/en/latest/worker-memory.html#memory-not-released-back-to-the-os for more information. -- Unmanaged memory: 1.41 GiB -- Worker memory limit: 1.86 GiB
2023-01-28 19:41:51,310 - distributed.worker.memory - WARNING - Unmanaged memory use is high. This may indicate a memory leak or the memory may not be released to the OS; see https://distributed.dask.org/en/latest/worker-memory.html#memory-not-released-back-to-the-os for more information. -- Unmanaged memory: 1.41 GiB -- Worker memory limit: 1.86 GiB
2023-01-28 19:41:51,416 - distributed.worker.memory - WARNING - Unmanaged memory use is high. This may indicate a memory leak or the memory may not be released to the OS; see https://distributed.dask.org/en/latest/worker-memory.html#memory-not-released-back-to-the-os for more information. -- Unmanaged memory: 1.41 GiB -- Worker memory limit: 1.86 GiB
2023-01-28 19:41:51,510 - distributed.worker.memory - WARNING - Unmanaged memory use is high. This may indicate a memory leak or the memory may not be released to the OS; see https://distributed.dask.org/en/latest/worker-memory.html#memory-not-released-back-to-the-os for more information. -- Unmanaged memory: 1.41 GiB -- Worker memory limit: 1.86 GiB
2023-01-28 19:41:51,617 - distributed.worker.memory - WARNING - Unmanaged memory use is high. This may indicate a memory leak or the memory may not be released to the OS; see https://distributed.dask.org/en/latest/worker-memory.html#memory-not-released-back-to-the-os for more information. -- Unmanaged memory: 1.42 GiB -- Worker memory limit: 1.86 GiB
2023-01-28 19:41:51,713 - distributed.worker.memory - WARNING - Unmanaged memory use is high. This may indicate a memory leak or the memory may not be released to the OS; see https://distributed.dask.org/en/latest/worker-memory.html#memory-not-released-back-to-the-os for more information. -- Unmanaged memory: 1.42 GiB -- Worker memory limit: 1.86 GiB
2023-01-28 19:41:51,964 - distributed.worker.memory - WARNING - Unmanaged memory use is high. This may indicate a memory leak or the memory may not be released to the OS; see https://distributed.dask.org/en/latest/worker-memory.html#memory-not-released-back-to-the-os for more information. -- Unmanaged memory: 1.42 GiB -- Worker memory limit: 1.86 GiB
2023-01-28 19:41:52,135 - distributed.worker.memory - WARNING - Unmanaged memory use is high. This may indicate a memory leak or the memory may not be released to the OS; see https://distributed.dask.org/en/latest/worker-memory.html#memory-not-released-back-to-the-os for more information. -- Unmanaged memory: 1.43 GiB -- Worker memory limit: 1.86 GiB
2023-01-28 19:41:52,256 - distributed.worker.memory - WARNING - Unmanaged memory use is high. This may indicate a memory leak or the memory may not be released to the OS; see https://distributed.dask.org/en/latest/worker-memory.html#memory-not-released-back-to-the-os for more information. -- Unmanaged memory: 1.43 GiB -- Worker memory limit: 1.86 GiB
2023-01-28 19:41:52,404 - distributed.worker.memory - WARNING - Unmanaged memory use is high. This may indicate a memory leak or the memory may not be released to the OS; see https://distributed.dask.org/en/latest/worker-memory.html#memory-not-released-back-to-the-os for more information. -- Unmanaged memory: 1.44 GiB -- Worker memory limit: 1.86 GiB
2023-01-28 19:41:52,506 - distributed.worker.memory - WARNING - Unmanaged memory use is high. This may indicate a memory leak or the memory may not be released to the OS; see https://distributed.dask.org/en/latest/worker-memory.html#memory-not-released-back-to-the-os for more information. -- Unmanaged memory: 1.44 GiB -- Worker memory limit: 1.86 GiB
2023-01-28 19:41:52,703 - distributed.worker.memory - WARNING - Unmanaged memory use is high. This may indicate a memory leak or the memory may not be released to the OS; see https://distributed.dask.org/en/latest/worker-memory.html#memory-not-released-back-to-the-os for more information. -- Unmanaged memory: 1.44 GiB -- Worker memory limit: 1.86 GiB
2023-01-28 19:41:53,024 - distributed.worker.memory - WARNING - Unmanaged memory use is high. This may indicate a memory leak or the memory may not be released to the OS; see https://distributed.dask.org/en/latest/worker-memory.html#memory-not-released-back-to-the-os for more information. -- Unmanaged memory: 1.45 GiB -- Worker memory limit: 1.86 GiB
2023-01-28 19:41:53,124 - distributed.worker.memory - WARNING - Unmanaged memory use is high. This may indicate a memory leak or the memory may not be released to the OS; see https://distributed.dask.org/en/latest/worker-memory.html#memory-not-released-back-to-the-os for more information. -- Unmanaged memory: 1.45 GiB -- Worker memory limit: 1.86 GiB
2023-01-28 19:41:53,223 - distributed.worker.memory - WARNING - Unmanaged memory use is high. This may indicate a memory leak or the memory may not be released to the OS; see https://distributed.dask.org/en/latest/worker-memory.html#memory-not-released-back-to-the-os for more information. -- Unmanaged memory: 1.45 GiB -- Worker memory limit: 1.86 GiB
2023-01-28 19:41:53,704 - distributed.worker.memory - WARNING - Unmanaged memory use is high. This may indicate a memory leak or the memory may not be released to the OS; see https://distributed.dask.org/en/latest/worker-memory.html#memory-not-released-back-to-the-os for more information. -- Unmanaged memory: 1.47 GiB -- Worker memory limit: 1.86 GiB
2023-01-28 19:41:54,088 - distributed.worker.memory - WARNING - Unmanaged memory use is high. This may indicate a memory leak or the memory may not be released to the OS; see https://distributed.dask.org/en/latest/worker-memory.html#memory-not-released-back-to-the-os for more information. -- Unmanaged memory: 1.48 GiB -- Worker memory limit: 1.86 GiB
2023-01-28 19:41:54,215 - distributed.worker.memory - WARNING - Unmanaged memory use is high. This may indicate a memory leak or the memory may not be released to the OS; see https://distributed.dask.org/en/latest/worker-memory.html#memory-not-released-back-to-the-os for more information. -- Unmanaged memory: 1.48 GiB -- Worker memory limit: 1.86 GiB
2023-01-28 19:41:54,505 - distributed.worker.memory - WARNING - Unmanaged memory use is high. This may indicate a memory leak or the memory may not be released to the OS; see https://distributed.dask.org/en/latest/worker-memory.html#memory-not-released-back-to-the-os for more information. -- Unmanaged memory: 1.48 GiB -- Worker memory limit: 1.86 GiB
2023-01-28 19:41:54,926 - distributed.worker.memory - WARNING - Worker is at 80% memory usage. Pausing worker.  Process memory: 1.49 GiB -- Worker memory limit: 1.86 GiB
2023-01-28 19:41:54,929 - distributed.worker.memory - WARNING - Unmanaged memory use is high. This may indicate a memory leak or the memory may not be released to the OS; see https://distributed.dask.org/en/latest/worker-memory.html#memory-not-released-back-to-the-os for more information. -- Unmanaged memory: 1.49 GiB -- Worker memory limit: 1.86 GiB
2023-01-28 19:41:55,216 - distributed.worker.memory - WARNING - Unmanaged memory use is high. This may indicate a memory leak or the memory may not be released to the OS; see https://distributed.dask.org/en/latest/worker-memory.html#memory-not-released-back-to-the-os for more information. -- Unmanaged memory: 1.50 GiB -- Worker memory limit: 1.86 GiB
2023-01-28 19:41:55,489 - distributed.worker.memory - WARNING - Unmanaged memory use is high. This may indicate a memory leak or the memory may not be released to the OS; see https://distributed.dask.org/en/latest/worker-memory.html#memory-not-released-back-to-the-os for more information. -- Unmanaged memory: 1.51 GiB -- Worker memory limit: 1.86 GiB
2023-01-28 19:41:55,530 - distributed.worker.memory - WARNING - Unmanaged memory use is high. This may indicate a memory leak or the memory may not be released to the OS; see https://distributed.dask.org/en/latest/worker-memory.html#memory-not-released-back-to-the-os for more information. -- Unmanaged memory: 1.51 GiB -- Worker memory limit: 1.86 GiB
2023-01-28 19:41:55,615 - distributed.worker.memory - WARNING - Unmanaged memory use is high. This may indicate a memory leak or the memory may not be released to the OS; see https://distributed.dask.org/en/latest/worker-memory.html#memory-not-released-back-to-the-os for more information. -- Unmanaged memory: 1.51 GiB -- Worker memory limit: 1.86 GiB
2023-01-28 19:41:55,723 - distributed.worker.memory - WARNING - Unmanaged memory use is high. This may indicate a memory leak or the memory may not be released to the OS; see https://distributed.dask.org/en/latest/worker-memory.html#memory-not-released-back-to-the-os for more information. -- Unmanaged memory: 1.51 GiB -- Worker memory limit: 1.86 GiB
2023-01-28 19:41:55,953 - distributed.worker.memory - WARNING - Unmanaged memory use is high. This may indicate a memory leak or the memory may not be released to the OS; see https://distributed.dask.org/en/latest/worker-memory.html#memory-not-released-back-to-the-os for more information. -- Unmanaged memory: 1.52 GiB -- Worker memory limit: 1.86 GiB
2023-01-28 19:41:56,022 - distributed.worker.memory - WARNING - Unmanaged memory use is high. This may indicate a memory leak or the memory may not be released to the OS; see https://distributed.dask.org/en/latest/worker-memory.html#memory-not-released-back-to-the-os for more information. -- Unmanaged memory: 1.52 GiB -- Worker memory limit: 1.86 GiB
2023-01-28 19:41:56,159 - distributed.worker.memory - WARNING - Unmanaged memory use is high. This may indicate a memory leak or the memory may not be released to the OS; see https://distributed.dask.org/en/latest/worker-memory.html#memory-not-released-back-to-the-os for more information. -- Unmanaged memory: 1.52 GiB -- Worker memory limit: 1.86 GiB
2023-01-28 19:41:56,221 - distributed.worker.memory - WARNING - Unmanaged memory use is high. This may indicate a memory leak or the memory may not be released to the OS; see https://distributed.dask.org/en/latest/worker-memory.html#memory-not-released-back-to-the-os for more information. -- Unmanaged memory: 1.53 GiB -- Worker memory limit: 1.86 GiB
2023-01-28 19:41:56,429 - distributed.worker.memory - WARNING - Unmanaged memory use is high. This may indicate a memory leak or the memory may not be released to the OS; see https://distributed.dask.org/en/latest/worker-memory.html#memory-not-released-back-to-the-os for more information. -- Unmanaged memory: 1.53 GiB -- Worker memory limit: 1.86 GiB
2023-01-28 19:41:56,606 - distributed.worker.memory - WARNING - Unmanaged memory use is high. This may indicate a memory leak or the memory may not be released to the OS; see https://distributed.dask.org/en/latest/worker-memory.html#memory-not-released-back-to-the-os for more information. -- Unmanaged memory: 1.53 GiB -- Worker memory limit: 1.86 GiB
2023-01-28 19:41:56,722 - distributed.worker.memory - WARNING - Unmanaged memory use is high. This may indicate a memory leak or the memory may not be released to the OS; see https://distributed.dask.org/en/latest/worker-memory.html#memory-not-released-back-to-the-os for more information. -- Unmanaged memory: 1.54 GiB -- Worker memory limit: 1.86 GiB
2023-01-28 19:41:57,107 - distributed.worker.memory - WARNING - Unmanaged memory use is high. This may indicate a memory leak or the memory may not be released to the OS; see https://distributed.dask.org/en/latest/worker-memory.html#memory-not-released-back-to-the-os for more information. -- Unmanaged memory: 1.55 GiB -- Worker memory limit: 1.86 GiB
2023-01-28 19:41:57,256 - distributed.worker.memory - WARNING - Unmanaged memory use is high. This may indicate a memory leak or the memory may not be released to the OS; see https://distributed.dask.org/en/latest/worker-memory.html#memory-not-released-back-to-the-os for more information. -- Unmanaged memory: 1.55 GiB -- Worker memory limit: 1.86 GiB
2023-01-28 19:41:58,299 - distributed.worker.memory - WARNING - Unmanaged memory use is high. This may indicate a memory leak or the memory may not be released to the OS; see https://distributed.dask.org/en/latest/worker-memory.html#memory-not-released-back-to-the-os for more information. -- Unmanaged memory: 1.55 GiB -- Worker memory limit: 1.86 GiB
2023-01-28 19:41:58,405 - distributed.worker.memory - WARNING - Unmanaged memory use is high. This may indicate a memory leak or the memory may not be released to the OS; see https://distributed.dask.org/en/latest/worker-memory.html#memory-not-released-back-to-the-os for more information. -- Unmanaged memory: 1.55 GiB -- Worker memory limit: 1.86 GiB
2023-01-28 19:41:59,072 - distributed.worker.memory - WARNING - Worker is at 47% memory usage. Resuming worker. Process memory: 908.03 MiB -- Worker memory limit: 1.86 GiB
slurmstepd: error: *** JOB 7690950 ON node1328 CANCELLED AT 2023-01-28T19:48:21 DUE TO TIME LIMIT ***
