## SLURM PROLOG ###############################################################
##    Job ID : 7690956
##  Job Name : dask-worker
##  Nodelist : node1152
##      CPUs : 1
##  Mem/Node : 8192 MB
## Directory : /gpfs/home/ashanmu1/seniorthesis/src/01_build
##   Job Started : Sat Jan 28 19:18:17 EST 2023
###############################################################################
2023-01-28 19:18:18,054 - distributed.nanny - INFO -         Start Nanny at: 'tcp://172.20.207.52:37779'
2023-01-28 19:18:18,067 - distributed.nanny - INFO -         Start Nanny at: 'tcp://172.20.207.52:36165'
2023-01-28 19:18:18,067 - distributed.nanny - INFO -         Start Nanny at: 'tcp://172.20.207.52:39482'
2023-01-28 19:18:18,136 - distributed.nanny - INFO -         Start Nanny at: 'tcp://172.20.207.52:42140'
2023-01-28 19:18:19,169 - distributed.worker - INFO -       Start worker at:  tcp://172.20.207.52:36193
2023-01-28 19:18:19,169 - distributed.worker - INFO -       Start worker at:  tcp://172.20.207.52:40925
2023-01-28 19:18:19,170 - distributed.worker - INFO -          Listening to:  tcp://172.20.207.52:36193
2023-01-28 19:18:19,170 - distributed.worker - INFO -          Listening to:  tcp://172.20.207.52:40925
2023-01-28 19:18:19,170 - distributed.worker - INFO -           Worker name:           SLURMCluster-1-3
2023-01-28 19:18:19,170 - distributed.worker - INFO -           Worker name:           SLURMCluster-1-1
2023-01-28 19:18:19,170 - distributed.worker - INFO -          dashboard at:        172.20.207.52:45429
2023-01-28 19:18:19,170 - distributed.worker - INFO -          dashboard at:        172.20.207.52:34058
2023-01-28 19:18:19,170 - distributed.worker - INFO - Waiting to connect to:   tcp://172.20.207.1:40397
2023-01-28 19:18:19,170 - distributed.worker - INFO - Waiting to connect to:   tcp://172.20.207.1:40397
2023-01-28 19:18:19,170 - distributed.worker - INFO - -------------------------------------------------
2023-01-28 19:18:19,170 - distributed.worker - INFO - -------------------------------------------------
2023-01-28 19:18:19,170 - distributed.worker - INFO -               Threads:                          1
2023-01-28 19:18:19,170 - distributed.worker - INFO -               Threads:                          1
2023-01-28 19:18:19,170 - distributed.worker - INFO -                Memory:                   1.86 GiB
2023-01-28 19:18:19,170 - distributed.worker - INFO -                Memory:                   1.86 GiB
2023-01-28 19:18:19,170 - distributed.worker - INFO -       Local Directory: /tmp/dask-worker-space/worker-95_23p56
2023-01-28 19:18:19,170 - distributed.worker - INFO -       Local Directory: /tmp/dask-worker-space/worker-m_cepj9r
2023-01-28 19:18:19,170 - distributed.worker - INFO - -------------------------------------------------
2023-01-28 19:18:19,170 - distributed.worker - INFO - -------------------------------------------------
2023-01-28 19:18:19,198 - distributed.worker - INFO -         Registered to:   tcp://172.20.207.1:40397
2023-01-28 19:18:19,198 - distributed.worker - INFO - -------------------------------------------------
2023-01-28 19:18:19,199 - distributed.core - INFO - Starting established connection to tcp://172.20.207.1:40397
2023-01-28 19:18:19,206 - distributed.worker - INFO -         Registered to:   tcp://172.20.207.1:40397
2023-01-28 19:18:19,206 - distributed.worker - INFO - -------------------------------------------------
2023-01-28 19:18:19,207 - distributed.core - INFO - Starting established connection to tcp://172.20.207.1:40397
2023-01-28 19:18:19,299 - distributed.worker - INFO -       Start worker at:  tcp://172.20.207.52:40185
2023-01-28 19:18:19,299 - distributed.worker - INFO -          Listening to:  tcp://172.20.207.52:40185
2023-01-28 19:18:19,299 - distributed.worker - INFO -           Worker name:           SLURMCluster-1-0
2023-01-28 19:18:19,299 - distributed.worker - INFO -          dashboard at:        172.20.207.52:44822
2023-01-28 19:18:19,299 - distributed.worker - INFO - Waiting to connect to:   tcp://172.20.207.1:40397
2023-01-28 19:18:19,300 - distributed.worker - INFO - -------------------------------------------------
2023-01-28 19:18:19,300 - distributed.worker - INFO -               Threads:                          1
2023-01-28 19:18:19,300 - distributed.worker - INFO -                Memory:                   1.86 GiB
2023-01-28 19:18:19,300 - distributed.worker - INFO -       Local Directory: /tmp/dask-worker-space/worker-ou8w2ovu
2023-01-28 19:18:19,301 - distributed.worker - INFO - -------------------------------------------------
2023-01-28 19:18:19,318 - distributed.worker - INFO -         Registered to:   tcp://172.20.207.1:40397
2023-01-28 19:18:19,318 - distributed.worker - INFO - -------------------------------------------------
2023-01-28 19:18:19,318 - distributed.core - INFO - Starting established connection to tcp://172.20.207.1:40397
2023-01-28 19:18:19,382 - distributed.worker - INFO -       Start worker at:  tcp://172.20.207.52:37995
2023-01-28 19:18:19,382 - distributed.worker - INFO -          Listening to:  tcp://172.20.207.52:37995
2023-01-28 19:18:19,382 - distributed.worker - INFO -           Worker name:           SLURMCluster-1-2
2023-01-28 19:18:19,382 - distributed.worker - INFO -          dashboard at:        172.20.207.52:35869
2023-01-28 19:18:19,382 - distributed.worker - INFO - Waiting to connect to:   tcp://172.20.207.1:40397
2023-01-28 19:18:19,382 - distributed.worker - INFO - -------------------------------------------------
2023-01-28 19:18:19,382 - distributed.worker - INFO -               Threads:                          1
2023-01-28 19:18:19,382 - distributed.worker - INFO -                Memory:                   1.86 GiB
2023-01-28 19:18:19,382 - distributed.worker - INFO -       Local Directory: /tmp/dask-worker-space/worker-os_ip8ux
2023-01-28 19:18:19,382 - distributed.worker - INFO - -------------------------------------------------
2023-01-28 19:18:19,388 - distributed.worker - INFO -         Registered to:   tcp://172.20.207.1:40397
2023-01-28 19:18:19,388 - distributed.worker - INFO - -------------------------------------------------
2023-01-28 19:18:19,388 - distributed.core - INFO - Starting established connection to tcp://172.20.207.1:40397
/gpfs/home/ashanmu1/seniorthesis/venv/lib/python3.10/site-packages/geopandas/_compat.py:123: UserWarning: The Shapely GEOS version (3.11.1-CAPI-1.17.1) is incompatible with the GEOS version PyGEOS was compiled with (3.10.4-CAPI-1.16.2). Conversions between both will be slow.
  warnings.warn(
/gpfs/home/ashanmu1/seniorthesis/venv/lib/python3.10/site-packages/geopandas/_compat.py:123: UserWarning: The Shapely GEOS version (3.11.1-CAPI-1.17.1) is incompatible with the GEOS version PyGEOS was compiled with (3.10.4-CAPI-1.16.2). Conversions between both will be slow.
  warnings.warn(
/gpfs/home/ashanmu1/seniorthesis/venv/lib/python3.10/site-packages/dask_geopandas/backends.py:13: UserWarning: Shapely 2.0 is installed, but because PyGEOS is also installed, GeoPandas will still use PyGEOS by default for now. To force to use and test Shapely 2.0, you have to set the environment variable USE_PYGEOS=0. You can do this before starting the Python process, or in your code before importing geopandas:

import os
os.environ['USE_PYGEOS'] = '0'
import geopandas

In a future release, GeoPandas will switch to using Shapely by default. If you are using PyGEOS directly (calling PyGEOS functions on geometries from GeoPandas), this will then stop working and you are encouraged to migrate from PyGEOS to Shapely 2.0 (https://shapely.readthedocs.io/en/latest/migration_pygeos.html).
  import geopandas
/gpfs/home/ashanmu1/seniorthesis/venv/lib/python3.10/site-packages/dask_geopandas/backends.py:13: UserWarning: Shapely 2.0 is installed, but because PyGEOS is also installed, GeoPandas will still use PyGEOS by default for now. To force to use and test Shapely 2.0, you have to set the environment variable USE_PYGEOS=0. You can do this before starting the Python process, or in your code before importing geopandas:

import os
os.environ['USE_PYGEOS'] = '0'
import geopandas

In a future release, GeoPandas will switch to using Shapely by default. If you are using PyGEOS directly (calling PyGEOS functions on geometries from GeoPandas), this will then stop working and you are encouraged to migrate from PyGEOS to Shapely 2.0 (https://shapely.readthedocs.io/en/latest/migration_pygeos.html).
  import geopandas
/gpfs/home/ashanmu1/seniorthesis/venv/lib/python3.10/site-packages/geopandas/_compat.py:123: UserWarning: The Shapely GEOS version (3.11.1-CAPI-1.17.1) is incompatible with the GEOS version PyGEOS was compiled with (3.10.4-CAPI-1.16.2). Conversions between both will be slow.
  warnings.warn(
/gpfs/home/ashanmu1/seniorthesis/venv/lib/python3.10/site-packages/dask_geopandas/backends.py:13: UserWarning: Shapely 2.0 is installed, but because PyGEOS is also installed, GeoPandas will still use PyGEOS by default for now. To force to use and test Shapely 2.0, you have to set the environment variable USE_PYGEOS=0. You can do this before starting the Python process, or in your code before importing geopandas:

import os
os.environ['USE_PYGEOS'] = '0'
import geopandas

In a future release, GeoPandas will switch to using Shapely by default. If you are using PyGEOS directly (calling PyGEOS functions on geometries from GeoPandas), this will then stop working and you are encouraged to migrate from PyGEOS to Shapely 2.0 (https://shapely.readthedocs.io/en/latest/migration_pygeos.html).
  import geopandas
Warning 1: organizePolygons() received an unexpected geometry.  Either a polygon with interior rings, or a polygon with less than 4 points, or a non-Polygon geometry.  Return arguments as a collection.
/gpfs/home/ashanmu1/seniorthesis/venv/lib/python3.10/site-packages/geopandas/_compat.py:123: UserWarning: The Shapely GEOS version (3.11.1-CAPI-1.17.1) is incompatible with the GEOS version PyGEOS was compiled with (3.10.4-CAPI-1.16.2). Conversions between both will be slow.
  warnings.warn(
/gpfs/home/ashanmu1/seniorthesis/venv/lib/python3.10/site-packages/dask_geopandas/backends.py:13: UserWarning: Shapely 2.0 is installed, but because PyGEOS is also installed, GeoPandas will still use PyGEOS by default for now. To force to use and test Shapely 2.0, you have to set the environment variable USE_PYGEOS=0. You can do this before starting the Python process, or in your code before importing geopandas:

import os
os.environ['USE_PYGEOS'] = '0'
import geopandas

In a future release, GeoPandas will switch to using Shapely by default. If you are using PyGEOS directly (calling PyGEOS functions on geometries from GeoPandas), this will then stop working and you are encouraged to migrate from PyGEOS to Shapely 2.0 (https://shapely.readthedocs.io/en/latest/migration_pygeos.html).
  import geopandas
Warning 1: organizePolygons() received an unexpected geometry.  Either a polygon with interior rings, or a polygon with less than 4 points, or a non-Polygon geometry.  Return arguments as a collection.
Warning 1: Geometry of polygon of fid 1464043 cannot be translated to Simple Geometry. All polygons will be contained in a multipolygon.
2023-01-28 19:34:24,518 - distributed.worker.memory - WARNING - Unmanaged memory use is high. This may indicate a memory leak or the memory may not be released to the OS; see https://distributed.dask.org/en/latest/worker-memory.html#memory-not-released-back-to-the-os for more information. -- Unmanaged memory: 1.30 GiB -- Worker memory limit: 1.86 GiB
2023-01-28 19:34:24,619 - distributed.worker.memory - WARNING - Unmanaged memory use is high. This may indicate a memory leak or the memory may not be released to the OS; see https://distributed.dask.org/en/latest/worker-memory.html#memory-not-released-back-to-the-os for more information. -- Unmanaged memory: 1.31 GiB -- Worker memory limit: 1.86 GiB
2023-01-28 19:34:24,718 - distributed.worker.memory - WARNING - Unmanaged memory use is high. This may indicate a memory leak or the memory may not be released to the OS; see https://distributed.dask.org/en/latest/worker-memory.html#memory-not-released-back-to-the-os for more information. -- Unmanaged memory: 1.31 GiB -- Worker memory limit: 1.86 GiB
2023-01-28 19:34:24,818 - distributed.worker.memory - WARNING - Unmanaged memory use is high. This may indicate a memory leak or the memory may not be released to the OS; see https://distributed.dask.org/en/latest/worker-memory.html#memory-not-released-back-to-the-os for more information. -- Unmanaged memory: 1.31 GiB -- Worker memory limit: 1.86 GiB
2023-01-28 19:34:24,918 - distributed.worker.memory - WARNING - Unmanaged memory use is high. This may indicate a memory leak or the memory may not be released to the OS; see https://distributed.dask.org/en/latest/worker-memory.html#memory-not-released-back-to-the-os for more information. -- Unmanaged memory: 1.32 GiB -- Worker memory limit: 1.86 GiB
2023-01-28 19:34:25,018 - distributed.worker.memory - WARNING - Unmanaged memory use is high. This may indicate a memory leak or the memory may not be released to the OS; see https://distributed.dask.org/en/latest/worker-memory.html#memory-not-released-back-to-the-os for more information. -- Unmanaged memory: 1.32 GiB -- Worker memory limit: 1.86 GiB
2023-01-28 19:34:25,119 - distributed.worker.memory - WARNING - Unmanaged memory use is high. This may indicate a memory leak or the memory may not be released to the OS; see https://distributed.dask.org/en/latest/worker-memory.html#memory-not-released-back-to-the-os for more information. -- Unmanaged memory: 1.32 GiB -- Worker memory limit: 1.86 GiB
2023-01-28 19:34:25,219 - distributed.worker.memory - WARNING - Unmanaged memory use is high. This may indicate a memory leak or the memory may not be released to the OS; see https://distributed.dask.org/en/latest/worker-memory.html#memory-not-released-back-to-the-os for more information. -- Unmanaged memory: 1.32 GiB -- Worker memory limit: 1.86 GiB
2023-01-28 19:34:25,318 - distributed.worker.memory - WARNING - Unmanaged memory use is high. This may indicate a memory leak or the memory may not be released to the OS; see https://distributed.dask.org/en/latest/worker-memory.html#memory-not-released-back-to-the-os for more information. -- Unmanaged memory: 1.33 GiB -- Worker memory limit: 1.86 GiB
2023-01-28 19:34:25,418 - distributed.worker.memory - WARNING - Unmanaged memory use is high. This may indicate a memory leak or the memory may not be released to the OS; see https://distributed.dask.org/en/latest/worker-memory.html#memory-not-released-back-to-the-os for more information. -- Unmanaged memory: 1.33 GiB -- Worker memory limit: 1.86 GiB
2023-01-28 19:34:25,518 - distributed.worker.memory - WARNING - Unmanaged memory use is high. This may indicate a memory leak or the memory may not be released to the OS; see https://distributed.dask.org/en/latest/worker-memory.html#memory-not-released-back-to-the-os for more information. -- Unmanaged memory: 1.33 GiB -- Worker memory limit: 1.86 GiB
2023-01-28 19:34:25,619 - distributed.worker.memory - WARNING - Unmanaged memory use is high. This may indicate a memory leak or the memory may not be released to the OS; see https://distributed.dask.org/en/latest/worker-memory.html#memory-not-released-back-to-the-os for more information. -- Unmanaged memory: 1.33 GiB -- Worker memory limit: 1.86 GiB
2023-01-28 19:34:25,718 - distributed.worker.memory - WARNING - Unmanaged memory use is high. This may indicate a memory leak or the memory may not be released to the OS; see https://distributed.dask.org/en/latest/worker-memory.html#memory-not-released-back-to-the-os for more information. -- Unmanaged memory: 1.34 GiB -- Worker memory limit: 1.86 GiB
2023-01-28 19:34:25,818 - distributed.worker.memory - WARNING - Unmanaged memory use is high. This may indicate a memory leak or the memory may not be released to the OS; see https://distributed.dask.org/en/latest/worker-memory.html#memory-not-released-back-to-the-os for more information. -- Unmanaged memory: 1.34 GiB -- Worker memory limit: 1.86 GiB
2023-01-28 19:34:25,918 - distributed.worker.memory - WARNING - Unmanaged memory use is high. This may indicate a memory leak or the memory may not be released to the OS; see https://distributed.dask.org/en/latest/worker-memory.html#memory-not-released-back-to-the-os for more information. -- Unmanaged memory: 1.34 GiB -- Worker memory limit: 1.86 GiB
2023-01-28 19:34:26,019 - distributed.worker.memory - WARNING - Unmanaged memory use is high. This may indicate a memory leak or the memory may not be released to the OS; see https://distributed.dask.org/en/latest/worker-memory.html#memory-not-released-back-to-the-os for more information. -- Unmanaged memory: 1.35 GiB -- Worker memory limit: 1.86 GiB
2023-01-28 19:34:26,119 - distributed.worker.memory - WARNING - Unmanaged memory use is high. This may indicate a memory leak or the memory may not be released to the OS; see https://distributed.dask.org/en/latest/worker-memory.html#memory-not-released-back-to-the-os for more information. -- Unmanaged memory: 1.35 GiB -- Worker memory limit: 1.86 GiB
2023-01-28 19:34:26,218 - distributed.worker.memory - WARNING - Unmanaged memory use is high. This may indicate a memory leak or the memory may not be released to the OS; see https://distributed.dask.org/en/latest/worker-memory.html#memory-not-released-back-to-the-os for more information. -- Unmanaged memory: 1.35 GiB -- Worker memory limit: 1.86 GiB
2023-01-28 19:34:26,318 - distributed.worker.memory - WARNING - Unmanaged memory use is high. This may indicate a memory leak or the memory may not be released to the OS; see https://distributed.dask.org/en/latest/worker-memory.html#memory-not-released-back-to-the-os for more information. -- Unmanaged memory: 1.35 GiB -- Worker memory limit: 1.86 GiB
2023-01-28 19:34:26,418 - distributed.worker.memory - WARNING - Unmanaged memory use is high. This may indicate a memory leak or the memory may not be released to the OS; see https://distributed.dask.org/en/latest/worker-memory.html#memory-not-released-back-to-the-os for more information. -- Unmanaged memory: 1.36 GiB -- Worker memory limit: 1.86 GiB
2023-01-28 19:34:26,518 - distributed.worker.memory - WARNING - Unmanaged memory use is high. This may indicate a memory leak or the memory may not be released to the OS; see https://distributed.dask.org/en/latest/worker-memory.html#memory-not-released-back-to-the-os for more information. -- Unmanaged memory: 1.36 GiB -- Worker memory limit: 1.86 GiB
2023-01-28 19:34:26,618 - distributed.worker.memory - WARNING - Unmanaged memory use is high. This may indicate a memory leak or the memory may not be released to the OS; see https://distributed.dask.org/en/latest/worker-memory.html#memory-not-released-back-to-the-os for more information. -- Unmanaged memory: 1.36 GiB -- Worker memory limit: 1.86 GiB
2023-01-28 19:34:26,719 - distributed.worker.memory - WARNING - Unmanaged memory use is high. This may indicate a memory leak or the memory may not be released to the OS; see https://distributed.dask.org/en/latest/worker-memory.html#memory-not-released-back-to-the-os for more information. -- Unmanaged memory: 1.36 GiB -- Worker memory limit: 1.86 GiB
2023-01-28 19:34:26,817 - distributed.worker.memory - WARNING - Unmanaged memory use is high. This may indicate a memory leak or the memory may not be released to the OS; see https://distributed.dask.org/en/latest/worker-memory.html#memory-not-released-back-to-the-os for more information. -- Unmanaged memory: 1.37 GiB -- Worker memory limit: 1.86 GiB
2023-01-28 19:34:26,918 - distributed.worker.memory - WARNING - Unmanaged memory use is high. This may indicate a memory leak or the memory may not be released to the OS; see https://distributed.dask.org/en/latest/worker-memory.html#memory-not-released-back-to-the-os for more information. -- Unmanaged memory: 1.37 GiB -- Worker memory limit: 1.86 GiB
2023-01-28 19:34:27,018 - distributed.worker.memory - WARNING - Unmanaged memory use is high. This may indicate a memory leak or the memory may not be released to the OS; see https://distributed.dask.org/en/latest/worker-memory.html#memory-not-released-back-to-the-os for more information. -- Unmanaged memory: 1.37 GiB -- Worker memory limit: 1.86 GiB
2023-01-28 19:34:27,119 - distributed.worker.memory - WARNING - Unmanaged memory use is high. This may indicate a memory leak or the memory may not be released to the OS; see https://distributed.dask.org/en/latest/worker-memory.html#memory-not-released-back-to-the-os for more information. -- Unmanaged memory: 1.38 GiB -- Worker memory limit: 1.86 GiB
2023-01-28 19:34:27,218 - distributed.worker.memory - WARNING - Unmanaged memory use is high. This may indicate a memory leak or the memory may not be released to the OS; see https://distributed.dask.org/en/latest/worker-memory.html#memory-not-released-back-to-the-os for more information. -- Unmanaged memory: 1.38 GiB -- Worker memory limit: 1.86 GiB
2023-01-28 19:34:27,317 - distributed.worker.memory - WARNING - Unmanaged memory use is high. This may indicate a memory leak or the memory may not be released to the OS; see https://distributed.dask.org/en/latest/worker-memory.html#memory-not-released-back-to-the-os for more information. -- Unmanaged memory: 1.38 GiB -- Worker memory limit: 1.86 GiB
2023-01-28 19:34:27,418 - distributed.worker.memory - WARNING - Unmanaged memory use is high. This may indicate a memory leak or the memory may not be released to the OS; see https://distributed.dask.org/en/latest/worker-memory.html#memory-not-released-back-to-the-os for more information. -- Unmanaged memory: 1.38 GiB -- Worker memory limit: 1.86 GiB
2023-01-28 19:34:27,519 - distributed.worker.memory - WARNING - Unmanaged memory use is high. This may indicate a memory leak or the memory may not be released to the OS; see https://distributed.dask.org/en/latest/worker-memory.html#memory-not-released-back-to-the-os for more information. -- Unmanaged memory: 1.39 GiB -- Worker memory limit: 1.86 GiB
2023-01-28 19:34:27,618 - distributed.worker.memory - WARNING - Unmanaged memory use is high. This may indicate a memory leak or the memory may not be released to the OS; see https://distributed.dask.org/en/latest/worker-memory.html#memory-not-released-back-to-the-os for more information. -- Unmanaged memory: 1.39 GiB -- Worker memory limit: 1.86 GiB
2023-01-28 19:34:27,718 - distributed.worker.memory - WARNING - Unmanaged memory use is high. This may indicate a memory leak or the memory may not be released to the OS; see https://distributed.dask.org/en/latest/worker-memory.html#memory-not-released-back-to-the-os for more information. -- Unmanaged memory: 1.39 GiB -- Worker memory limit: 1.86 GiB
2023-01-28 19:34:27,818 - distributed.worker.memory - WARNING - Unmanaged memory use is high. This may indicate a memory leak or the memory may not be released to the OS; see https://distributed.dask.org/en/latest/worker-memory.html#memory-not-released-back-to-the-os for more information. -- Unmanaged memory: 1.40 GiB -- Worker memory limit: 1.86 GiB
2023-01-28 19:34:27,918 - distributed.worker.memory - WARNING - Unmanaged memory use is high. This may indicate a memory leak or the memory may not be released to the OS; see https://distributed.dask.org/en/latest/worker-memory.html#memory-not-released-back-to-the-os for more information. -- Unmanaged memory: 1.40 GiB -- Worker memory limit: 1.86 GiB
2023-01-28 19:34:28,018 - distributed.worker.memory - WARNING - Unmanaged memory use is high. This may indicate a memory leak or the memory may not be released to the OS; see https://distributed.dask.org/en/latest/worker-memory.html#memory-not-released-back-to-the-os for more information. -- Unmanaged memory: 1.40 GiB -- Worker memory limit: 1.86 GiB
2023-01-28 19:34:28,119 - distributed.worker.memory - WARNING - Unmanaged memory use is high. This may indicate a memory leak or the memory may not be released to the OS; see https://distributed.dask.org/en/latest/worker-memory.html#memory-not-released-back-to-the-os for more information. -- Unmanaged memory: 1.40 GiB -- Worker memory limit: 1.86 GiB
2023-01-28 19:34:28,218 - distributed.worker.memory - WARNING - Unmanaged memory use is high. This may indicate a memory leak or the memory may not be released to the OS; see https://distributed.dask.org/en/latest/worker-memory.html#memory-not-released-back-to-the-os for more information. -- Unmanaged memory: 1.41 GiB -- Worker memory limit: 1.86 GiB
2023-01-28 19:34:28,318 - distributed.worker.memory - WARNING - Unmanaged memory use is high. This may indicate a memory leak or the memory may not be released to the OS; see https://distributed.dask.org/en/latest/worker-memory.html#memory-not-released-back-to-the-os for more information. -- Unmanaged memory: 1.41 GiB -- Worker memory limit: 1.86 GiB
2023-01-28 19:34:28,419 - distributed.worker.memory - WARNING - Unmanaged memory use is high. This may indicate a memory leak or the memory may not be released to the OS; see https://distributed.dask.org/en/latest/worker-memory.html#memory-not-released-back-to-the-os for more information. -- Unmanaged memory: 1.41 GiB -- Worker memory limit: 1.86 GiB
2023-01-28 19:34:28,519 - distributed.worker.memory - WARNING - Unmanaged memory use is high. This may indicate a memory leak or the memory may not be released to the OS; see https://distributed.dask.org/en/latest/worker-memory.html#memory-not-released-back-to-the-os for more information. -- Unmanaged memory: 1.42 GiB -- Worker memory limit: 1.86 GiB
2023-01-28 19:34:28,618 - distributed.worker.memory - WARNING - Unmanaged memory use is high. This may indicate a memory leak or the memory may not be released to the OS; see https://distributed.dask.org/en/latest/worker-memory.html#memory-not-released-back-to-the-os for more information. -- Unmanaged memory: 1.42 GiB -- Worker memory limit: 1.86 GiB
2023-01-28 19:34:28,718 - distributed.worker.memory - WARNING - Unmanaged memory use is high. This may indicate a memory leak or the memory may not be released to the OS; see https://distributed.dask.org/en/latest/worker-memory.html#memory-not-released-back-to-the-os for more information. -- Unmanaged memory: 1.42 GiB -- Worker memory limit: 1.86 GiB
2023-01-28 19:34:28,818 - distributed.worker.memory - WARNING - Unmanaged memory use is high. This may indicate a memory leak or the memory may not be released to the OS; see https://distributed.dask.org/en/latest/worker-memory.html#memory-not-released-back-to-the-os for more information. -- Unmanaged memory: 1.42 GiB -- Worker memory limit: 1.86 GiB
2023-01-28 19:34:28,919 - distributed.worker.memory - WARNING - Unmanaged memory use is high. This may indicate a memory leak or the memory may not be released to the OS; see https://distributed.dask.org/en/latest/worker-memory.html#memory-not-released-back-to-the-os for more information. -- Unmanaged memory: 1.43 GiB -- Worker memory limit: 1.86 GiB
2023-01-28 19:34:29,018 - distributed.worker.memory - WARNING - Unmanaged memory use is high. This may indicate a memory leak or the memory may not be released to the OS; see https://distributed.dask.org/en/latest/worker-memory.html#memory-not-released-back-to-the-os for more information. -- Unmanaged memory: 1.43 GiB -- Worker memory limit: 1.86 GiB
2023-01-28 19:34:29,118 - distributed.worker.memory - WARNING - Unmanaged memory use is high. This may indicate a memory leak or the memory may not be released to the OS; see https://distributed.dask.org/en/latest/worker-memory.html#memory-not-released-back-to-the-os for more information. -- Unmanaged memory: 1.43 GiB -- Worker memory limit: 1.86 GiB
2023-01-28 19:34:29,219 - distributed.worker.memory - WARNING - Unmanaged memory use is high. This may indicate a memory leak or the memory may not be released to the OS; see https://distributed.dask.org/en/latest/worker-memory.html#memory-not-released-back-to-the-os for more information. -- Unmanaged memory: 1.43 GiB -- Worker memory limit: 1.86 GiB
2023-01-28 19:34:29,933 - distributed.worker.memory - WARNING - Unmanaged memory use is high. This may indicate a memory leak or the memory may not be released to the OS; see https://distributed.dask.org/en/latest/worker-memory.html#memory-not-released-back-to-the-os for more information. -- Unmanaged memory: 1.44 GiB -- Worker memory limit: 1.86 GiB
2023-01-28 19:34:30,154 - distributed.worker.memory - WARNING - Unmanaged memory use is high. This may indicate a memory leak or the memory may not be released to the OS; see https://distributed.dask.org/en/latest/worker-memory.html#memory-not-released-back-to-the-os for more information. -- Unmanaged memory: 1.43 GiB -- Worker memory limit: 1.86 GiB
2023-01-28 19:34:30,272 - distributed.worker.memory - WARNING - Unmanaged memory use is high. This may indicate a memory leak or the memory may not be released to the OS; see https://distributed.dask.org/en/latest/worker-memory.html#memory-not-released-back-to-the-os for more information. -- Unmanaged memory: 1.43 GiB -- Worker memory limit: 1.86 GiB
Warning 1: organizePolygons() received an unexpected geometry.  Either a polygon with interior rings, or a polygon with less than 4 points, or a non-Polygon geometry.  Return arguments as a collection.
Warning 1: Geometry of polygon of fid 1464043 cannot be translated to Simple Geometry. All polygons will be contained in a multipolygon.
2023-01-28 19:41:40,513 - distributed.worker.memory - WARNING - Unmanaged memory use is high. This may indicate a memory leak or the memory may not be released to the OS; see https://distributed.dask.org/en/latest/worker-memory.html#memory-not-released-back-to-the-os for more information. -- Unmanaged memory: 1.17 GiB -- Worker memory limit: 1.86 GiB
2023-01-28 19:41:43,345 - distributed.worker.memory - WARNING - Unmanaged memory use is high. This may indicate a memory leak or the memory may not be released to the OS; see https://distributed.dask.org/en/latest/worker-memory.html#memory-not-released-back-to-the-os for more information. -- Unmanaged memory: 1.16 GiB -- Worker memory limit: 1.86 GiB
2023-01-28 19:41:45,631 - distributed.nanny.memory - WARNING - Worker tcp://172.20.207.52:36193 (pid=237952) exceeded 95% memory budget. Restarting...
2023-01-28 19:41:45,790 - distributed.nanny - INFO - Worker process 237952 was killed by signal 15
2023-01-28 19:41:45,848 - distributed.nanny - WARNING - Restarting worker
2023-01-28 19:41:46,633 - distributed.worker - INFO -       Start worker at:  tcp://172.20.207.52:34247
2023-01-28 19:41:46,634 - distributed.worker - INFO -          Listening to:  tcp://172.20.207.52:34247
2023-01-28 19:41:46,634 - distributed.worker - INFO -           Worker name:           SLURMCluster-1-3
2023-01-28 19:41:46,634 - distributed.worker - INFO -          dashboard at:        172.20.207.52:44815
2023-01-28 19:41:46,634 - distributed.worker - INFO - Waiting to connect to:   tcp://172.20.207.1:40397
2023-01-28 19:41:46,634 - distributed.worker - INFO - -------------------------------------------------
2023-01-28 19:41:46,634 - distributed.worker - INFO -               Threads:                          1
2023-01-28 19:41:46,634 - distributed.worker - INFO -                Memory:                   1.86 GiB
2023-01-28 19:41:46,634 - distributed.worker - INFO -       Local Directory: /tmp/dask-worker-space/worker-4va6g3ek
2023-01-28 19:41:46,634 - distributed.worker - INFO - -------------------------------------------------
2023-01-28 19:41:46,639 - distributed.worker - INFO -         Registered to:   tcp://172.20.207.1:40397
2023-01-28 19:41:46,639 - distributed.worker - INFO - -------------------------------------------------
2023-01-28 19:41:46,640 - distributed.core - INFO - Starting established connection to tcp://172.20.207.1:40397
slurmstepd: error: *** JOB 7690956 ON node1152 CANCELLED AT 2023-01-28T19:48:21 DUE TO TIME LIMIT ***
